{"C:\\hacktiv8\\phase2\\IP-HCK71\\server\\app.js": {"path":"C:\\hacktiv8\\phase2\\IP-HCK71\\server\\app.js","statementMap":{"0":{"start":{"line":1,"column":0},"end":{"line":3,"column":1}},"1":{"start":{"line":2,"column":2},"end":{"line":2,"column":29}},"2":{"start":{"line":4,"column":16},"end":{"line":4,"column":34}},"3":{"start":{"line":5,"column":12},"end":{"line":5,"column":21}},"4":{"start":{"line":6,"column":13},"end":{"line":6,"column":17}},"5":{"start":{"line":7,"column":15},"end":{"line":7,"column":35}},"6":{"start":{"line":8,"column":21},"end":{"line":8,"column":58}},"7":{"start":{"line":9,"column":13},"end":{"line":9,"column":28}},"8":{"start":{"line":11,"column":0},"end":{"line":11,"column":48}},"9":{"start":{"line":12,"column":0},"end":{"line":12,"column":24}},"10":{"start":{"line":14,"column":0},"end":{"line":14,"column":16}},"11":{"start":{"line":15,"column":0},"end":{"line":15,"column":21}},"12":{"start":{"line":16,"column":0},"end":{"line":16,"column":22}},"13":{"start":{"line":18,"column":0},"end":{"line":18,"column":21}}},"fnMap":{},"branchMap":{"0":{"loc":{"start":{"line":1,"column":0},"end":{"line":3,"column":1}},"type":"if","locations":[{"start":{"line":1,"column":0},"end":{"line":3,"column":1}},{"start":{},"end":{}}],"line":1}},"s":{"0":1,"1":1,"2":1,"3":1,"4":1,"5":1,"6":1,"7":1,"8":1,"9":1,"10":1,"11":1,"12":1,"13":1},"f":{},"b":{"0":[1,0]},"_coverageSchema":"1a1c01bbd47fc00a2c39e90264f33305004495a9","hash":"3d8f0c73c93495a94e4ea9a85022d5a1449589d8"}
,"C:\\hacktiv8\\phase2\\IP-HCK71\\server\\controllers\\bookingController.js": {"path":"C:\\hacktiv8\\phase2\\IP-HCK71\\server\\controllers\\bookingController.js","statementMap":{"0":{"start":{"line":1,"column":23},"end":{"line":1,"column":49}},"1":{"start":{"line":2,"column":32},"end":{"line":2,"column":52}},"2":{"start":{"line":3,"column":14},"end":{"line":3,"column":30}},"3":{"start":{"line":4,"column":18},"end":{"line":4,"column":39}},"4":{"start":{"line":8,"column":19},"end":{"line":8,"column":29}},"5":{"start":{"line":10,"column":24},"end":{"line":10,"column":32}},"6":{"start":{"line":11,"column":20},"end":{"line":15,"column":6}},"7":{"start":{"line":16,"column":4},"end":{"line":16,"column":45}},"8":{"start":{"line":16,"column":18},"end":{"line":16,"column":45}},"9":{"start":{"line":17,"column":17},"end":{"line":21,"column":6}},"10":{"start":{"line":23,"column":22},"end":{"line":23,"column":53}},"11":{"start":{"line":24,"column":28},"end":{"line":24,"column":75}},"12":{"start":{"line":26,"column":21},"end":{"line":30,"column":6}},"13":{"start":{"line":32,"column":4},"end":{"line":35,"column":5}},"14":{"start":{"line":33,"column":6},"end":{"line":33,"column":49}},"15":{"start":{"line":34,"column":6},"end":{"line":34,"column":43}},"16":{"start":{"line":36,"column":4},"end":{"line":39,"column":5}},"17":{"start":{"line":38,"column":6},"end":{"line":38,"column":18}},"18":{"start":{"line":43,"column":4},"end":{"line":94,"column":5}},"19":{"start":{"line":44,"column":19},"end":{"line":44,"column":29}},"20":{"start":{"line":45,"column":22},"end":{"line":45,"column":45}},"21":{"start":{"line":47,"column":19},"end":{"line":51,"column":8}},"22":{"start":{"line":55,"column":22},"end":{"line":55,"column":46}},"23":{"start":{"line":57,"column":21},"end":{"line":57,"column":36}},"24":{"start":{"line":59,"column":22},"end":{"line":74,"column":7}},"25":{"start":{"line":76,"column":26},"end":{"line":76,"column":65}},"26":{"start":{"line":77,"column":6},"end":{"line":77,"column":31}},"27":{"start":{"line":79,"column":29},"end":{"line":79,"column":46}},"28":{"start":{"line":81,"column":6},"end":{"line":88,"column":9}},"29":{"start":{"line":90,"column":6},"end":{"line":90,"column":57}},"30":{"start":{"line":91,"column":6},"end":{"line":91,"column":72}},"31":{"start":{"line":93,"column":6},"end":{"line":93,"column":25}},"32":{"start":{"line":98,"column":4},"end":{"line":115,"column":5}},"33":{"start":{"line":99,"column":19},"end":{"line":99,"column":29}},"34":{"start":{"line":100,"column":22},"end":{"line":100,"column":45}},"35":{"start":{"line":101,"column":6},"end":{"line":101,"column":49}},"36":{"start":{"line":101,"column":22},"end":{"line":101,"column":49}},"37":{"start":{"line":102,"column":6},"end":{"line":102,"column":60}},"38":{"start":{"line":102,"column":35},"end":{"line":102,"column":60}},"39":{"start":{"line":103,"column":21},"end":{"line":103,"column":62}},"40":{"start":{"line":104,"column":24},"end":{"line":104,"column":33}},"41":{"start":{"line":105,"column":17},"end":{"line":110,"column":8}},"42":{"start":{"line":111,"column":6},"end":{"line":111,"column":24}},"43":{"start":{"line":112,"column":6},"end":{"line":112,"column":63}},"44":{"start":{"line":114,"column":6},"end":{"line":114,"column":18}},"45":{"start":{"line":120,"column":4},"end":{"line":139,"column":5}},"46":{"start":{"line":121,"column":21},"end":{"line":121,"column":31}},"47":{"start":{"line":122,"column":25},"end":{"line":122,"column":51}},"48":{"start":{"line":123,"column":6},"end":{"line":123,"column":52}},"49":{"start":{"line":123,"column":25},"end":{"line":123,"column":52}},"50":{"start":{"line":124,"column":25},"end":{"line":124,"column":37}},"51":{"start":{"line":125,"column":6},"end":{"line":127,"column":9}},"52":{"start":{"line":128,"column":6},"end":{"line":135,"column":8}},"53":{"start":{"line":136,"column":6},"end":{"line":136,"column":74}},"54":{"start":{"line":138,"column":6},"end":{"line":138,"column":18}},"55":{"start":{"line":143,"column":4},"end":{"line":157,"column":5}},"56":{"start":{"line":144,"column":17},"end":{"line":153,"column":8}},"57":{"start":{"line":154,"column":6},"end":{"line":154,"column":33}},"58":{"start":{"line":156,"column":6},"end":{"line":156,"column":18}},"59":{"start":{"line":161,"column":4},"end":{"line":178,"column":5}},"60":{"start":{"line":162,"column":17},"end":{"line":174,"column":8}},"61":{"start":{"line":175,"column":6},"end":{"line":175,"column":33}},"62":{"start":{"line":177,"column":6},"end":{"line":177,"column":18}},"63":{"start":{"line":182,"column":4},"end":{"line":193,"column":5}},"64":{"start":{"line":183,"column":19},"end":{"line":183,"column":29}},"65":{"start":{"line":184,"column":20},"end":{"line":184,"column":46}},"66":{"start":{"line":185,"column":6},"end":{"line":190,"column":7}},"67":{"start":{"line":186,"column":8},"end":{"line":186,"column":35}},"68":{"start":{"line":188,"column":8},"end":{"line":188,"column":32}},"69":{"start":{"line":189,"column":8},"end":{"line":189,"column":79}},"70":{"start":{"line":192,"column":6},"end":{"line":192,"column":18}},"71":{"start":{"line":197,"column":0},"end":{"line":197,"column":36}}},"fnMap":{"0":{"name":"(anonymous_0)","decl":{"start":{"line":7,"column":2},"end":{"line":7,"column":3}},"loc":{"start":{"line":7,"column":51},"end":{"line":40,"column":3}},"line":7},"1":{"name":"(anonymous_1)","decl":{"start":{"line":42,"column":2},"end":{"line":42,"column":3}},"loc":{"start":{"line":42,"column":51},"end":{"line":95,"column":3}},"line":42},"2":{"name":"(anonymous_2)","decl":{"start":{"line":97,"column":2},"end":{"line":97,"column":3}},"loc":{"start":{"line":97,"column":45},"end":{"line":116,"column":3}},"line":97},"3":{"name":"(anonymous_3)","decl":{"start":{"line":119,"column":2},"end":{"line":119,"column":3}},"loc":{"start":{"line":119,"column":51},"end":{"line":140,"column":3}},"line":119},"4":{"name":"(anonymous_4)","decl":{"start":{"line":142,"column":2},"end":{"line":142,"column":3}},"loc":{"start":{"line":142,"column":45},"end":{"line":158,"column":3}},"line":142},"5":{"name":"(anonymous_5)","decl":{"start":{"line":160,"column":2},"end":{"line":160,"column":3}},"loc":{"start":{"line":160,"column":43},"end":{"line":179,"column":3}},"line":160},"6":{"name":"(anonymous_6)","decl":{"start":{"line":181,"column":2},"end":{"line":181,"column":3}},"loc":{"start":{"line":181,"column":45},"end":{"line":194,"column":3}},"line":181}},"branchMap":{"0":{"loc":{"start":{"line":16,"column":4},"end":{"line":16,"column":45}},"type":"if","locations":[{"start":{"line":16,"column":4},"end":{"line":16,"column":45}},{"start":{},"end":{}}],"line":16},"1":{"loc":{"start":{"line":32,"column":4},"end":{"line":35,"column":5}},"type":"if","locations":[{"start":{"line":32,"column":4},"end":{"line":35,"column":5}},{"start":{},"end":{}}],"line":32},"2":{"loc":{"start":{"line":32,"column":8},"end":{"line":32,"column":93}},"type":"binary-expr","locations":[{"start":{"line":32,"column":8},"end":{"line":32,"column":54}},{"start":{"line":32,"column":58},"end":{"line":32,"column":93}}],"line":32},"3":{"loc":{"start":{"line":101,"column":6},"end":{"line":101,"column":49}},"type":"if","locations":[{"start":{"line":101,"column":6},"end":{"line":101,"column":49}},{"start":{},"end":{}}],"line":101},"4":{"loc":{"start":{"line":102,"column":6},"end":{"line":102,"column":60}},"type":"if","locations":[{"start":{"line":102,"column":6},"end":{"line":102,"column":60}},{"start":{},"end":{}}],"line":102},"5":{"loc":{"start":{"line":123,"column":6},"end":{"line":123,"column":52}},"type":"if","locations":[{"start":{"line":123,"column":6},"end":{"line":123,"column":52}},{"start":{},"end":{}}],"line":123},"6":{"loc":{"start":{"line":185,"column":6},"end":{"line":190,"column":7}},"type":"if","locations":[{"start":{"line":185,"column":6},"end":{"line":190,"column":7}},{"start":{"line":187,"column":13},"end":{"line":190,"column":7}}],"line":185}},"s":{"0":1,"1":1,"2":1,"3":1,"4":0,"5":0,"6":0,"7":0,"8":0,"9":0,"10":0,"11":0,"12":0,"13":0,"14":0,"15":0,"16":0,"17":0,"18":0,"19":0,"20":0,"21":0,"22":0,"23":0,"24":0,"25":0,"26":0,"27":0,"28":0,"29":0,"30":0,"31":0,"32":0,"33":0,"34":0,"35":0,"36":0,"37":0,"38":0,"39":0,"40":0,"41":0,"42":0,"43":0,"44":0,"45":0,"46":0,"47":0,"48":0,"49":0,"50":0,"51":0,"52":0,"53":0,"54":0,"55":0,"56":0,"57":0,"58":0,"59":0,"60":0,"61":0,"62":0,"63":0,"64":0,"65":0,"66":0,"67":0,"68":0,"69":0,"70":0,"71":1},"f":{"0":0,"1":0,"2":0,"3":0,"4":0,"5":0,"6":0},"b":{"0":[0,0],"1":[0,0],"2":[0,0],"3":[0,0],"4":[0,0],"5":[0,0],"6":[0,0]},"_coverageSchema":"1a1c01bbd47fc00a2c39e90264f33305004495a9","hash":"e52bf6bf41a15dd849d95a75d2549af93252ccac"}
,"C:\\hacktiv8\\phase2\\IP-HCK71\\server\\controllers\\photoController.js": {"path":"C:\\hacktiv8\\phase2\\IP-HCK71\\server\\controllers\\photoController.js","statementMap":{"0":{"start":{"line":1,"column":18},"end":{"line":1,"column":38}},"1":{"start":{"line":2,"column":27},"end":{"line":2,"column":48}},"2":{"start":{"line":4,"column":0},"end":{"line":8,"column":3}},"3":{"start":{"line":13,"column":4},"end":{"line":23,"column":5}},"4":{"start":{"line":14,"column":21},"end":{"line":14,"column":31}},"5":{"start":{"line":15,"column":17},"end":{"line":19,"column":8}},"6":{"start":{"line":20,"column":6},"end":{"line":20,"column":33}},"7":{"start":{"line":22,"column":6},"end":{"line":22,"column":18}},"8":{"start":{"line":27,"column":4},"end":{"line":52,"column":5}},"9":{"start":{"line":28,"column":21},"end":{"line":28,"column":31}},"10":{"start":{"line":29,"column":6},"end":{"line":34,"column":7}},"11":{"start":{"line":30,"column":8},"end":{"line":33,"column":10}},"12":{"start":{"line":35,"column":28},"end":{"line":35,"column":30}},"13":{"start":{"line":36,"column":20},"end":{"line":36,"column":36}},"14":{"start":{"line":39,"column":6},"end":{"line":48,"column":7}},"15":{"start":{"line":40,"column":23},"end":{"line":40,"column":64}},"16":{"start":{"line":41,"column":29},"end":{"line":41,"column":69}},"17":{"start":{"line":43,"column":21},"end":{"line":43,"column":67}},"18":{"start":{"line":44,"column":8},"end":{"line":47,"column":11}},"19":{"start":{"line":49,"column":6},"end":{"line":49,"column":60}},"20":{"start":{"line":51,"column":6},"end":{"line":51,"column":18}},"21":{"start":{"line":56,"column":0},"end":{"line":56,"column":34}}},"fnMap":{"0":{"name":"(anonymous_0)","decl":{"start":{"line":12,"column":2},"end":{"line":12,"column":3}},"loc":{"start":{"line":12,"column":45},"end":{"line":24,"column":3}},"line":12},"1":{"name":"(anonymous_1)","decl":{"start":{"line":26,"column":2},"end":{"line":26,"column":3}},"loc":{"start":{"line":26,"column":48},"end":{"line":53,"column":3}},"line":26}},"branchMap":{"0":{"loc":{"start":{"line":29,"column":6},"end":{"line":34,"column":7}},"type":"if","locations":[{"start":{"line":29,"column":6},"end":{"line":34,"column":7}},{"start":{},"end":{}}],"line":29}},"s":{"0":1,"1":1,"2":1,"3":0,"4":0,"5":0,"6":0,"7":0,"8":0,"9":0,"10":0,"11":0,"12":0,"13":0,"14":0,"15":0,"16":0,"17":0,"18":0,"19":0,"20":0,"21":1},"f":{"0":0,"1":0},"b":{"0":[0,0]},"_coverageSchema":"1a1c01bbd47fc00a2c39e90264f33305004495a9","hash":"26a2ba94924767012597fd69d1ac378f0b75b006"}
,"C:\\hacktiv8\\phase2\\IP-HCK71\\server\\controllers\\roomController.js": {"path":"C:\\hacktiv8\\phase2\\IP-HCK71\\server\\controllers\\roomController.js","statementMap":{"0":{"start":{"line":1,"column":24},"end":{"line":1,"column":44}},"1":{"start":{"line":5,"column":4},"end":{"line":15,"column":5}},"2":{"start":{"line":6,"column":17},"end":{"line":10,"column":8}},"3":{"start":{"line":11,"column":6},"end":{"line":11,"column":33}},"4":{"start":{"line":13,"column":6},"end":{"line":13,"column":25}},"5":{"start":{"line":14,"column":6},"end":{"line":14,"column":18}},"6":{"start":{"line":19,"column":4},"end":{"line":38,"column":5}},"7":{"start":{"line":20,"column":21},"end":{"line":20,"column":31}},"8":{"start":{"line":22,"column":17},"end":{"line":29,"column":8}},"9":{"start":{"line":31,"column":6},"end":{"line":35,"column":7}},"10":{"start":{"line":32,"column":8},"end":{"line":32,"column":35}},"11":{"start":{"line":34,"column":8},"end":{"line":34,"column":39}},"12":{"start":{"line":37,"column":6},"end":{"line":37,"column":18}},"13":{"start":{"line":42,"column":4},"end":{"line":60,"column":5}},"14":{"start":{"line":43,"column":19},"end":{"line":43,"column":29}},"15":{"start":{"line":44,"column":55},"end":{"line":44,"column":63}},"16":{"start":{"line":45,"column":17},"end":{"line":45,"column":40}},"17":{"start":{"line":46,"column":6},"end":{"line":56,"column":7}},"18":{"start":{"line":47,"column":8},"end":{"line":47,"column":35}},"19":{"start":{"line":49,"column":8},"end":{"line":54,"column":11}},"20":{"start":{"line":55,"column":8},"end":{"line":55,"column":73}},"21":{"start":{"line":58,"column":6},"end":{"line":58,"column":25}},"22":{"start":{"line":59,"column":6},"end":{"line":59,"column":18}},"23":{"start":{"line":64,"column":4},"end":{"line":75,"column":5}},"24":{"start":{"line":65,"column":19},"end":{"line":65,"column":29}},"25":{"start":{"line":66,"column":17},"end":{"line":66,"column":40}},"26":{"start":{"line":67,"column":6},"end":{"line":72,"column":7}},"27":{"start":{"line":68,"column":8},"end":{"line":68,"column":35}},"28":{"start":{"line":70,"column":8},"end":{"line":70,"column":29}},"29":{"start":{"line":71,"column":8},"end":{"line":71,"column":76}},"30":{"start":{"line":74,"column":6},"end":{"line":74,"column":18}},"31":{"start":{"line":79,"column":0},"end":{"line":79,"column":32}}},"fnMap":{"0":{"name":"(anonymous_0)","decl":{"start":{"line":4,"column":2},"end":{"line":4,"column":3}},"loc":{"start":{"line":4,"column":42},"end":{"line":16,"column":3}},"line":4},"1":{"name":"(anonymous_1)","decl":{"start":{"line":18,"column":2},"end":{"line":18,"column":3}},"loc":{"start":{"line":18,"column":45},"end":{"line":39,"column":3}},"line":18},"2":{"name":"(anonymous_2)","decl":{"start":{"line":41,"column":2},"end":{"line":41,"column":3}},"loc":{"start":{"line":41,"column":39},"end":{"line":61,"column":3}},"line":41},"3":{"name":"(anonymous_3)","decl":{"start":{"line":63,"column":2},"end":{"line":63,"column":3}},"loc":{"start":{"line":63,"column":42},"end":{"line":76,"column":3}},"line":63}},"branchMap":{"0":{"loc":{"start":{"line":31,"column":6},"end":{"line":35,"column":7}},"type":"if","locations":[{"start":{"line":31,"column":6},"end":{"line":35,"column":7}},{"start":{"line":33,"column":13},"end":{"line":35,"column":7}}],"line":31},"1":{"loc":{"start":{"line":46,"column":6},"end":{"line":56,"column":7}},"type":"if","locations":[{"start":{"line":46,"column":6},"end":{"line":56,"column":7}},{"start":{"line":48,"column":13},"end":{"line":56,"column":7}}],"line":46},"2":{"loc":{"start":{"line":67,"column":6},"end":{"line":72,"column":7}},"type":"if","locations":[{"start":{"line":67,"column":6},"end":{"line":72,"column":7}},{"start":{"line":69,"column":13},"end":{"line":72,"column":7}}],"line":67}},"s":{"0":1,"1":0,"2":0,"3":0,"4":0,"5":0,"6":0,"7":0,"8":0,"9":0,"10":0,"11":0,"12":0,"13":0,"14":0,"15":0,"16":0,"17":0,"18":0,"19":0,"20":0,"21":0,"22":0,"23":0,"24":0,"25":0,"26":0,"27":0,"28":0,"29":0,"30":0,"31":1},"f":{"0":0,"1":0,"2":0,"3":0},"b":{"0":[0,0],"1":[0,0],"2":[0,0]},"_coverageSchema":"1a1c01bbd47fc00a2c39e90264f33305004495a9","hash":"742d854ed88ca503745eb062d7087823cda5e549"}
,"C:\\hacktiv8\\phase2\\IP-HCK71\\server\\controllers\\userController.js": {"path":"C:\\hacktiv8\\phase2\\IP-HCK71\\server\\controllers\\userController.js","statementMap":{"0":{"start":{"line":1,"column":17},"end":{"line":1,"column":37}},"1":{"start":{"line":2,"column":42},"end":{"line":2,"column":70}},"2":{"start":{"line":3,"column":22},"end":{"line":3,"column":47}},"3":{"start":{"line":5,"column":25},"end":{"line":5,"column":55}},"4":{"start":{"line":6,"column":15},"end":{"line":6,"column":33}},"5":{"start":{"line":10,"column":4},"end":{"line":17,"column":5}},"6":{"start":{"line":11,"column":61},"end":{"line":11,"column":69}},"7":{"start":{"line":12,"column":6},"end":{"line":12,"column":53}},"8":{"start":{"line":12,"column":21},"end":{"line":12,"column":53}},"9":{"start":{"line":13,"column":17},"end":{"line":13,"column":108}},"10":{"start":{"line":14,"column":6},"end":{"line":14,"column":57}},"11":{"start":{"line":16,"column":6},"end":{"line":16,"column":18}},"12":{"start":{"line":21,"column":4},"end":{"line":36,"column":5}},"13":{"start":{"line":22,"column":32},"end":{"line":22,"column":40}},"14":{"start":{"line":23,"column":6},"end":{"line":23,"column":54}},"15":{"start":{"line":23,"column":18},"end":{"line":23,"column":54}},"16":{"start":{"line":24,"column":6},"end":{"line":24,"column":57}},"17":{"start":{"line":24,"column":21},"end":{"line":24,"column":57}},"18":{"start":{"line":25,"column":17},"end":{"line":29,"column":8}},"19":{"start":{"line":30,"column":6},"end":{"line":32,"column":7}},"20":{"start":{"line":31,"column":8},"end":{"line":31,"column":39}},"21":{"start":{"line":33,"column":6},"end":{"line":33,"column":90}},"22":{"start":{"line":35,"column":6},"end":{"line":35,"column":18}},"23":{"start":{"line":40,"column":4},"end":{"line":65,"column":5}},"24":{"start":{"line":42,"column":31},"end":{"line":42,"column":42}},"25":{"start":{"line":43,"column":21},"end":{"line":46,"column":8}},"26":{"start":{"line":48,"column":22},"end":{"line":48,"column":41}},"27":{"start":{"line":50,"column":30},"end":{"line":58,"column":8}},"28":{"start":{"line":59,"column":20},"end":{"line":61,"column":8}},"29":{"start":{"line":62,"column":6},"end":{"line":62,"column":69}},"30":{"start":{"line":64,"column":6},"end":{"line":64,"column":22}},"31":{"start":{"line":69,"column":0},"end":{"line":69,"column":32}}},"fnMap":{"0":{"name":"(anonymous_0)","decl":{"start":{"line":9,"column":2},"end":{"line":9,"column":3}},"loc":{"start":{"line":9,"column":40},"end":{"line":18,"column":3}},"line":9},"1":{"name":"(anonymous_1)","decl":{"start":{"line":20,"column":2},"end":{"line":20,"column":3}},"loc":{"start":{"line":20,"column":37},"end":{"line":37,"column":3}},"line":20},"2":{"name":"(anonymous_2)","decl":{"start":{"line":39,"column":2},"end":{"line":39,"column":3}},"loc":{"start":{"line":39,"column":45},"end":{"line":66,"column":3}},"line":39}},"branchMap":{"0":{"loc":{"start":{"line":12,"column":6},"end":{"line":12,"column":53}},"type":"if","locations":[{"start":{"line":12,"column":6},"end":{"line":12,"column":53}},{"start":{},"end":{}}],"line":12},"1":{"loc":{"start":{"line":23,"column":6},"end":{"line":23,"column":54}},"type":"if","locations":[{"start":{"line":23,"column":6},"end":{"line":23,"column":54}},{"start":{},"end":{}}],"line":23},"2":{"loc":{"start":{"line":24,"column":6},"end":{"line":24,"column":57}},"type":"if","locations":[{"start":{"line":24,"column":6},"end":{"line":24,"column":57}},{"start":{},"end":{}}],"line":24},"3":{"loc":{"start":{"line":30,"column":6},"end":{"line":32,"column":7}},"type":"if","locations":[{"start":{"line":30,"column":6},"end":{"line":32,"column":7}},{"start":{},"end":{}}],"line":30},"4":{"loc":{"start":{"line":30,"column":10},"end":{"line":30,"column":60}},"type":"binary-expr","locations":[{"start":{"line":30,"column":10},"end":{"line":30,"column":15}},{"start":{"line":30,"column":19},"end":{"line":30,"column":60}}],"line":30}},"s":{"0":1,"1":1,"2":1,"3":1,"4":1,"5":6,"6":6,"7":6,"8":1,"9":5,"10":1,"11":5,"12":5,"13":5,"14":5,"15":1,"16":4,"17":1,"18":3,"19":3,"20":2,"21":1,"22":4,"23":0,"24":0,"25":0,"26":0,"27":0,"28":0,"29":0,"30":0,"31":1},"f":{"0":6,"1":5,"2":0},"b":{"0":[1,5],"1":[1,4],"2":[1,3],"3":[2,1],"4":[3,3]},"_coverageSchema":"1a1c01bbd47fc00a2c39e90264f33305004495a9","hash":"e32240993ce947124a387d47b731106adfd15e7a"}
,"C:\\hacktiv8\\phase2\\IP-HCK71\\server\\helpers\\bcrypt.js": {"path":"C:\\hacktiv8\\phase2\\IP-HCK71\\server\\helpers\\bcrypt.js","statementMap":{"0":{"start":{"line":1,"column":34},"end":{"line":1,"column":53}},"1":{"start":{"line":3,"column":0},"end":{"line":10,"column":2}},"2":{"start":{"line":5,"column":4},"end":{"line":5,"column":34}},"3":{"start":{"line":8,"column":4},"end":{"line":8,"column":49}}},"fnMap":{"0":{"name":"(anonymous_0)","decl":{"start":{"line":4,"column":16},"end":{"line":4,"column":17}},"loc":{"start":{"line":4,"column":30},"end":{"line":6,"column":3}},"line":4},"1":{"name":"(anonymous_1)","decl":{"start":{"line":7,"column":19},"end":{"line":7,"column":20}},"loc":{"start":{"line":7,"column":49},"end":{"line":9,"column":3}},"line":7}},"branchMap":{},"s":{"0":1,"1":1,"2":7,"3":3},"f":{"0":7,"1":3},"b":{},"_coverageSchema":"1a1c01bbd47fc00a2c39e90264f33305004495a9","hash":"3ac1cab2146675f766b6cf81c3b17675c37697d9"}
,"C:\\hacktiv8\\phase2\\IP-HCK71\\server\\helpers\\jwt.js": {"path":"C:\\hacktiv8\\phase2\\IP-HCK71\\server\\helpers\\jwt.js","statementMap":{"0":{"start":{"line":2,"column":25},"end":{"line":2,"column":48}},"1":{"start":{"line":3,"column":15},"end":{"line":3,"column":37}},"2":{"start":{"line":7,"column":0},"end":{"line":10,"column":2}},"3":{"start":{"line":8,"column":26},"end":{"line":8,"column":47}},"4":{"start":{"line":9,"column":26},"end":{"line":9,"column":47}}},"fnMap":{"0":{"name":"(anonymous_0)","decl":{"start":{"line":8,"column":13},"end":{"line":8,"column":14}},"loc":{"start":{"line":8,"column":26},"end":{"line":8,"column":47}},"line":8},"1":{"name":"(anonymous_1)","decl":{"start":{"line":9,"column":15},"end":{"line":9,"column":16}},"loc":{"start":{"line":9,"column":26},"end":{"line":9,"column":47}},"line":9}},"branchMap":{},"s":{"0":1,"1":1,"2":1,"3":1,"4":0},"f":{"0":1,"1":0},"b":{},"_coverageSchema":"1a1c01bbd47fc00a2c39e90264f33305004495a9","hash":"485bdc624db2907818c120e1ab377f7b9cd53dfa"}
,"C:\\hacktiv8\\phase2\\IP-HCK71\\server\\middlewares\\authentication.js": {"path":"C:\\hacktiv8\\phase2\\IP-HCK71\\server\\middlewares\\authentication.js","statementMap":{"0":{"start":{"line":1,"column":24},"end":{"line":1,"column":49}},"1":{"start":{"line":2,"column":17},"end":{"line":2,"column":37}},"2":{"start":{"line":4,"column":0},"end":{"line":35,"column":2}},"3":{"start":{"line":5,"column":21},"end":{"line":5,"column":46}},"4":{"start":{"line":6,"column":2},"end":{"line":34,"column":3}},"5":{"start":{"line":8,"column":4},"end":{"line":10,"column":5}},"6":{"start":{"line":9,"column":6},"end":{"line":9,"column":34}},"7":{"start":{"line":13,"column":26},"end":{"line":13,"column":49}},"8":{"start":{"line":14,"column":4},"end":{"line":14,"column":61}},"9":{"start":{"line":14,"column":29},"end":{"line":14,"column":61}},"10":{"start":{"line":17,"column":18},"end":{"line":17,"column":36}},"11":{"start":{"line":20,"column":15},"end":{"line":20,"column":46}},"12":{"start":{"line":21,"column":4},"end":{"line":21,"column":47}},"13":{"start":{"line":21,"column":15},"end":{"line":21,"column":47}},"14":{"start":{"line":24,"column":4},"end":{"line":30,"column":6}},"15":{"start":{"line":31,"column":4},"end":{"line":31,"column":11}},"16":{"start":{"line":33,"column":4},"end":{"line":33,"column":16}}},"fnMap":{"0":{"name":"authentication","decl":{"start":{"line":4,"column":32},"end":{"line":4,"column":46}},"loc":{"start":{"line":4,"column":63},"end":{"line":35,"column":1}},"line":4}},"branchMap":{"0":{"loc":{"start":{"line":8,"column":4},"end":{"line":10,"column":5}},"type":"if","locations":[{"start":{"line":8,"column":4},"end":{"line":10,"column":5}},{"start":{},"end":{}}],"line":8},"1":{"loc":{"start":{"line":14,"column":4},"end":{"line":14,"column":61}},"type":"if","locations":[{"start":{"line":14,"column":4},"end":{"line":14,"column":61}},{"start":{},"end":{}}],"line":14},"2":{"loc":{"start":{"line":21,"column":4},"end":{"line":21,"column":47}},"type":"if","locations":[{"start":{"line":21,"column":4},"end":{"line":21,"column":47}},{"start":{},"end":{}}],"line":21}},"s":{"0":1,"1":1,"2":1,"3":0,"4":0,"5":0,"6":0,"7":0,"8":0,"9":0,"10":0,"11":0,"12":0,"13":0,"14":0,"15":0,"16":0},"f":{"0":0},"b":{"0":[0,0],"1":[0,0],"2":[0,0]},"_coverageSchema":"1a1c01bbd47fc00a2c39e90264f33305004495a9","hash":"3dc27e46dfd4da1af88dbc2c9e8f57fc67803542"}
,"C:\\hacktiv8\\phase2\\IP-HCK71\\server\\middlewares\\authorization.js": {"path":"C:\\hacktiv8\\phase2\\IP-HCK71\\server\\middlewares\\authorization.js","statementMap":{"0":{"start":{"line":2,"column":2},"end":{"line":7,"column":3}},"1":{"start":{"line":3,"column":4},"end":{"line":3,"column":64}},"2":{"start":{"line":3,"column":35},"end":{"line":3,"column":64}},"3":{"start":{"line":4,"column":4},"end":{"line":4,"column":11}},"4":{"start":{"line":6,"column":4},"end":{"line":6,"column":16}},"5":{"start":{"line":28,"column":0},"end":{"line":31,"column":2}}},"fnMap":{"0":{"name":"authorizationAdmin","decl":{"start":{"line":1,"column":15},"end":{"line":1,"column":33}},"loc":{"start":{"line":1,"column":50},"end":{"line":8,"column":1}},"line":1}},"branchMap":{"0":{"loc":{"start":{"line":3,"column":4},"end":{"line":3,"column":64}},"type":"if","locations":[{"start":{"line":3,"column":4},"end":{"line":3,"column":64}},{"start":{},"end":{}}],"line":3}},"s":{"0":0,"1":0,"2":0,"3":0,"4":0,"5":1},"f":{"0":0},"b":{"0":[0,0]},"_coverageSchema":"1a1c01bbd47fc00a2c39e90264f33305004495a9","hash":"ba787daa382472877aa36ab6b41ac53fd4b661c1"}
,"C:\\hacktiv8\\phase2\\IP-HCK71\\server\\middlewares\\errorHandler.js": {"path":"C:\\hacktiv8\\phase2\\IP-HCK71\\server\\middlewares\\errorHandler.js","statementMap":{"0":{"start":{"line":1,"column":0},"end":{"line":64,"column":2}},"1":{"start":{"line":2,"column":15},"end":{"line":2,"column":32}},"2":{"start":{"line":3,"column":16},"end":{"line":3,"column":54}},"3":{"start":{"line":4,"column":15},"end":{"line":4,"column":19}},"4":{"start":{"line":7,"column":2},"end":{"line":62,"column":3}},"5":{"start":{"line":9,"column":6},"end":{"line":9,"column":19}},"6":{"start":{"line":10,"column":6},"end":{"line":10,"column":47}},"7":{"start":{"line":11,"column":6},"end":{"line":11,"column":12}},"8":{"start":{"line":13,"column":6},"end":{"line":13,"column":19}},"9":{"start":{"line":14,"column":6},"end":{"line":14,"column":52}},"10":{"start":{"line":15,"column":6},"end":{"line":15,"column":12}},"11":{"start":{"line":17,"column":6},"end":{"line":17,"column":19}},"12":{"start":{"line":18,"column":6},"end":{"line":18,"column":52}},"13":{"start":{"line":18,"column":39},"end":{"line":18,"column":50}},"14":{"start":{"line":19,"column":6},"end":{"line":19,"column":23}},"15":{"start":{"line":20,"column":6},"end":{"line":20,"column":12}},"16":{"start":{"line":22,"column":6},"end":{"line":22,"column":19}},"17":{"start":{"line":23,"column":6},"end":{"line":23,"column":34}},"18":{"start":{"line":24,"column":6},"end":{"line":24,"column":12}},"19":{"start":{"line":26,"column":6},"end":{"line":26,"column":19}},"20":{"start":{"line":27,"column":6},"end":{"line":27,"column":39}},"21":{"start":{"line":28,"column":6},"end":{"line":28,"column":12}},"22":{"start":{"line":35,"column":6},"end":{"line":35,"column":19}},"23":{"start":{"line":36,"column":6},"end":{"line":36,"column":38}},"24":{"start":{"line":37,"column":6},"end":{"line":37,"column":12}},"25":{"start":{"line":49,"column":6},"end":{"line":49,"column":19}},"26":{"start":{"line":50,"column":6},"end":{"line":50,"column":35}},"27":{"start":{"line":51,"column":6},"end":{"line":51,"column":12}},"28":{"start":{"line":54,"column":6},"end":{"line":54,"column":19}},"29":{"start":{"line":55,"column":6},"end":{"line":55,"column":32}},"30":{"start":{"line":56,"column":6},"end":{"line":56,"column":12}},"31":{"start":{"line":59,"column":6},"end":{"line":59,"column":19}},"32":{"start":{"line":60,"column":6},"end":{"line":60,"column":40}},"33":{"start":{"line":61,"column":6},"end":{"line":61,"column":12}},"34":{"start":{"line":63,"column":2},"end":{"line":63,"column":39}}},"fnMap":{"0":{"name":"errorHandler","decl":{"start":{"line":1,"column":26},"end":{"line":1,"column":38}},"loc":{"start":{"line":1,"column":60},"end":{"line":64,"column":1}},"line":1},"1":{"name":"(anonymous_1)","decl":{"start":{"line":18,"column":30},"end":{"line":18,"column":31}},"loc":{"start":{"line":18,"column":39},"end":{"line":18,"column":50}},"line":18}},"branchMap":{"0":{"loc":{"start":{"line":2,"column":15},"end":{"line":2,"column":32}},"type":"binary-expr","locations":[{"start":{"line":2,"column":15},"end":{"line":2,"column":25}},{"start":{"line":2,"column":29},"end":{"line":2,"column":32}}],"line":2},"1":{"loc":{"start":{"line":3,"column":16},"end":{"line":3,"column":54}},"type":"binary-expr","locations":[{"start":{"line":3,"column":16},"end":{"line":3,"column":27}},{"start":{"line":3,"column":31},"end":{"line":3,"column":54}}],"line":3},"2":{"loc":{"start":{"line":7,"column":2},"end":{"line":62,"column":3}},"type":"switch","locations":[{"start":{"line":8,"column":4},"end":{"line":11,"column":12}},{"start":{"line":12,"column":4},"end":{"line":15,"column":12}},{"start":{"line":16,"column":4},"end":{"line":20,"column":12}},{"start":{"line":21,"column":4},"end":{"line":24,"column":12}},{"start":{"line":25,"column":4},"end":{"line":28,"column":12}},{"start":{"line":34,"column":4},"end":{"line":37,"column":12}},{"start":{"line":48,"column":4},"end":{"line":51,"column":12}},{"start":{"line":53,"column":4},"end":{"line":56,"column":12}},{"start":{"line":58,"column":4},"end":{"line":61,"column":12}}],"line":7}},"s":{"0":1,"1":9,"2":9,"3":9,"4":9,"5":2,"6":2,"7":2,"8":2,"9":2,"10":2,"11":3,"12":3,"13":3,"14":3,"15":3,"16":0,"17":0,"18":0,"19":0,"20":0,"21":0,"22":1,"23":1,"24":1,"25":0,"26":0,"27":0,"28":0,"29":0,"30":0,"31":1,"32":1,"33":1,"34":9},"f":{"0":9,"1":3},"b":{"0":[9,9],"1":[9,5],"2":[2,2,3,0,0,1,0,0,1]},"_coverageSchema":"1a1c01bbd47fc00a2c39e90264f33305004495a9","hash":"9b5943f239078860eda2201952cf525486bf816b"}
,"C:\\hacktiv8\\phase2\\IP-HCK71\\server\\models\\booking.js": {"path":"C:\\hacktiv8\\phase2\\IP-HCK71\\server\\models\\booking.js","statementMap":{"0":{"start":{"line":2,"column":18},"end":{"line":2,"column":38}},"1":{"start":{"line":3,"column":0},"end":{"line":30,"column":2}},"2":{"start":{"line":12,"column":6},"end":{"line":12,"column":63}},"3":{"start":{"line":13,"column":6},"end":{"line":13,"column":63}},"4":{"start":{"line":16,"column":2},"end":{"line":28,"column":4}},"5":{"start":{"line":29,"column":2},"end":{"line":29,"column":17}}},"fnMap":{"0":{"name":"(anonymous_0)","decl":{"start":{"line":3,"column":17},"end":{"line":3,"column":18}},"loc":{"start":{"line":3,"column":43},"end":{"line":30,"column":1}},"line":3},"1":{"name":"(anonymous_1)","decl":{"start":{"line":10,"column":4},"end":{"line":10,"column":5}},"loc":{"start":{"line":10,"column":29},"end":{"line":14,"column":5}},"line":10}},"branchMap":{},"s":{"0":1,"1":1,"2":1,"3":1,"4":1,"5":1},"f":{"0":1,"1":1},"b":{},"_coverageSchema":"1a1c01bbd47fc00a2c39e90264f33305004495a9","hash":"e4f9dfea9e2323393c63ec4cf820dc8e19ba1748"}
,"C:\\hacktiv8\\phase2\\IP-HCK71\\server\\models\\index.js": {"path":"C:\\hacktiv8\\phase2\\IP-HCK71\\server\\models\\index.js","statementMap":{"0":{"start":{"line":3,"column":11},"end":{"line":3,"column":24}},"1":{"start":{"line":4,"column":13},"end":{"line":4,"column":28}},"2":{"start":{"line":5,"column":18},"end":{"line":5,"column":38}},"3":{"start":{"line":6,"column":16},"end":{"line":6,"column":34}},"4":{"start":{"line":7,"column":17},"end":{"line":7,"column":42}},"5":{"start":{"line":8,"column":12},"end":{"line":8,"column":49}},"6":{"start":{"line":9,"column":15},"end":{"line":9,"column":65}},"7":{"start":{"line":10,"column":11},"end":{"line":10,"column":13}},"8":{"start":{"line":13,"column":0},"end":{"line":17,"column":1}},"9":{"start":{"line":14,"column":2},"end":{"line":14,"column":74}},"10":{"start":{"line":16,"column":2},"end":{"line":16,"column":87}},"11":{"start":{"line":19,"column":0},"end":{"line":32,"column":5}},"12":{"start":{"line":22,"column":4},"end":{"line":27,"column":6}},"13":{"start":{"line":30,"column":18},"end":{"line":30,"column":85}},"14":{"start":{"line":31,"column":4},"end":{"line":31,"column":27}},"15":{"start":{"line":34,"column":0},"end":{"line":38,"column":3}},"16":{"start":{"line":35,"column":2},"end":{"line":37,"column":3}},"17":{"start":{"line":36,"column":4},"end":{"line":36,"column":32}},"18":{"start":{"line":40,"column":0},"end":{"line":40,"column":25}},"19":{"start":{"line":41,"column":0},"end":{"line":41,"column":25}},"20":{"start":{"line":43,"column":0},"end":{"line":43,"column":20}}},"fnMap":{"0":{"name":"(anonymous_0)","decl":{"start":{"line":21,"column":10},"end":{"line":21,"column":11}},"loc":{"start":{"line":21,"column":18},"end":{"line":28,"column":3}},"line":21},"1":{"name":"(anonymous_1)","decl":{"start":{"line":29,"column":11},"end":{"line":29,"column":12}},"loc":{"start":{"line":29,"column":19},"end":{"line":32,"column":3}},"line":29},"2":{"name":"(anonymous_2)","decl":{"start":{"line":34,"column":24},"end":{"line":34,"column":25}},"loc":{"start":{"line":34,"column":37},"end":{"line":38,"column":1}},"line":34}},"branchMap":{"0":{"loc":{"start":{"line":8,"column":12},"end":{"line":8,"column":49}},"type":"binary-expr","locations":[{"start":{"line":8,"column":12},"end":{"line":8,"column":32}},{"start":{"line":8,"column":36},"end":{"line":8,"column":49}}],"line":8},"1":{"loc":{"start":{"line":13,"column":0},"end":{"line":17,"column":1}},"type":"if","locations":[{"start":{"line":13,"column":0},"end":{"line":17,"column":1}},{"start":{"line":15,"column":7},"end":{"line":17,"column":1}}],"line":13},"2":{"loc":{"start":{"line":23,"column":6},"end":{"line":26,"column":37}},"type":"binary-expr","locations":[{"start":{"line":23,"column":6},"end":{"line":23,"column":29}},{"start":{"line":24,"column":6},"end":{"line":24,"column":23}},{"start":{"line":25,"column":6},"end":{"line":25,"column":30}},{"start":{"line":26,"column":6},"end":{"line":26,"column":37}}],"line":23},"3":{"loc":{"start":{"line":35,"column":2},"end":{"line":37,"column":3}},"type":"if","locations":[{"start":{"line":35,"column":2},"end":{"line":37,"column":3}},{"start":{},"end":{}}],"line":35}},"s":{"0":1,"1":1,"2":1,"3":1,"4":1,"5":1,"6":1,"7":1,"8":1,"9":0,"10":1,"11":1,"12":5,"13":4,"14":4,"15":1,"16":4,"17":4,"18":1,"19":1,"20":1},"f":{"0":5,"1":4,"2":4},"b":{"0":[1,0],"1":[0,1],"2":[5,5,4,4],"3":[4,0]},"_coverageSchema":"1a1c01bbd47fc00a2c39e90264f33305004495a9","hash":"2446d4f4ae541162496e357c799db95b5dc801d2"}
,"C:\\hacktiv8\\phase2\\IP-HCK71\\server\\models\\photo.js": {"path":"C:\\hacktiv8\\phase2\\IP-HCK71\\server\\models\\photo.js","statementMap":{"0":{"start":{"line":2,"column":18},"end":{"line":2,"column":38}},"1":{"start":{"line":3,"column":0},"end":{"line":26,"column":2}},"2":{"start":{"line":12,"column":6},"end":{"line":12,"column":61}},"3":{"start":{"line":15,"column":2},"end":{"line":24,"column":4}},"4":{"start":{"line":25,"column":2},"end":{"line":25,"column":15}}},"fnMap":{"0":{"name":"(anonymous_0)","decl":{"start":{"line":3,"column":17},"end":{"line":3,"column":18}},"loc":{"start":{"line":3,"column":43},"end":{"line":26,"column":1}},"line":3},"1":{"name":"(anonymous_1)","decl":{"start":{"line":10,"column":4},"end":{"line":10,"column":5}},"loc":{"start":{"line":10,"column":29},"end":{"line":13,"column":5}},"line":10}},"branchMap":{},"s":{"0":1,"1":1,"2":1,"3":1,"4":1},"f":{"0":1,"1":1},"b":{},"_coverageSchema":"1a1c01bbd47fc00a2c39e90264f33305004495a9","hash":"c74c7fff440008257c31fb1c196e283a2223822c"}
,"C:\\hacktiv8\\phase2\\IP-HCK71\\server\\models\\room.js": {"path":"C:\\hacktiv8\\phase2\\IP-HCK71\\server\\models\\room.js","statementMap":{"0":{"start":{"line":2,"column":18},"end":{"line":2,"column":38}},"1":{"start":{"line":3,"column":0},"end":{"line":29,"column":2}},"2":{"start":{"line":12,"column":6},"end":{"line":12,"column":60}},"3":{"start":{"line":13,"column":6},"end":{"line":13,"column":59}},"4":{"start":{"line":16,"column":2},"end":{"line":27,"column":4}},"5":{"start":{"line":28,"column":2},"end":{"line":28,"column":14}}},"fnMap":{"0":{"name":"(anonymous_0)","decl":{"start":{"line":3,"column":17},"end":{"line":3,"column":18}},"loc":{"start":{"line":3,"column":43},"end":{"line":29,"column":1}},"line":3},"1":{"name":"(anonymous_1)","decl":{"start":{"line":10,"column":4},"end":{"line":10,"column":5}},"loc":{"start":{"line":10,"column":29},"end":{"line":14,"column":5}},"line":10}},"branchMap":{},"s":{"0":1,"1":1,"2":1,"3":1,"4":1,"5":1},"f":{"0":1,"1":1},"b":{},"_coverageSchema":"1a1c01bbd47fc00a2c39e90264f33305004495a9","hash":"585fa8316e0f9e7980dec93a5ed6fdc22664eee3"}
,"C:\\hacktiv8\\phase2\\IP-HCK71\\server\\models\\user.js": {"path":"C:\\hacktiv8\\phase2\\IP-HCK71\\server\\models\\user.js","statementMap":{"0":{"start":{"line":2,"column":18},"end":{"line":2,"column":38}},"1":{"start":{"line":3,"column":0},"end":{"line":77,"column":2}},"2":{"start":{"line":12,"column":6},"end":{"line":12,"column":61}},"3":{"start":{"line":15,"column":2},"end":{"line":72,"column":4}},"4":{"start":{"line":73,"column":2},"end":{"line":75,"column":5}},"5":{"start":{"line":74,"column":4},"end":{"line":74,"column":27}},"6":{"start":{"line":76,"column":2},"end":{"line":76,"column":14}}},"fnMap":{"0":{"name":"(anonymous_0)","decl":{"start":{"line":3,"column":17},"end":{"line":3,"column":18}},"loc":{"start":{"line":3,"column":43},"end":{"line":77,"column":1}},"line":3},"1":{"name":"(anonymous_1)","decl":{"start":{"line":10,"column":4},"end":{"line":10,"column":5}},"loc":{"start":{"line":10,"column":29},"end":{"line":13,"column":5}},"line":10},"2":{"name":"(anonymous_2)","decl":{"start":{"line":73,"column":20},"end":{"line":73,"column":21}},"loc":{"start":{"line":73,"column":38},"end":{"line":75,"column":3}},"line":73}},"branchMap":{},"s":{"0":1,"1":1,"2":1,"3":1,"4":1,"5":2,"6":1},"f":{"0":1,"1":1,"2":2},"b":{},"_coverageSchema":"1a1c01bbd47fc00a2c39e90264f33305004495a9","hash":"76b1daf3afd8096358bfa72cd368e0f76ab39e7e"}
,"C:\\hacktiv8\\phase2\\IP-HCK71\\server\\routers\\index.js": {"path":"C:\\hacktiv8\\phase2\\IP-HCK71\\server\\routers\\index.js","statementMap":{"0":{"start":{"line":1,"column":16},"end":{"line":1,"column":34}},"1":{"start":{"line":2,"column":15},"end":{"line":2,"column":31}},"2":{"start":{"line":3,"column":23},"end":{"line":3,"column":63}},"3":{"start":{"line":4,"column":23},"end":{"line":4,"column":63}},"4":{"start":{"line":5,"column":27},"end":{"line":5,"column":70}},"5":{"start":{"line":6,"column":25},"end":{"line":6,"column":66}},"6":{"start":{"line":7,"column":23},"end":{"line":7,"column":63}},"7":{"start":{"line":8,"column":31},"end":{"line":8,"column":70}},"8":{"start":{"line":10,"column":15},"end":{"line":10,"column":32}},"9":{"start":{"line":11,"column":16},"end":{"line":11,"column":38}},"10":{"start":{"line":12,"column":15},"end":{"line":12,"column":43}},"11":{"start":{"line":13,"column":19},"end":{"line":13,"column":48}},"12":{"start":{"line":16,"column":0},"end":{"line":16,"column":50}},"13":{"start":{"line":17,"column":0},"end":{"line":17,"column":44}},"14":{"start":{"line":18,"column":0},"end":{"line":18,"column":59}},"15":{"start":{"line":20,"column":0},"end":{"line":20,"column":27}},"16":{"start":{"line":21,"column":0},"end":{"line":21,"column":48}},"17":{"start":{"line":22,"column":0},"end":{"line":22,"column":55}},"18":{"start":{"line":24,"column":0},"end":{"line":24,"column":58}},"19":{"start":{"line":25,"column":0},"end":{"line":25,"column":58}},"20":{"start":{"line":26,"column":0},"end":{"line":26,"column":63}},"21":{"start":{"line":29,"column":0},"end":{"line":29,"column":91}},"22":{"start":{"line":30,"column":0},"end":{"line":30,"column":83}},"23":{"start":{"line":32,"column":0},"end":{"line":32,"column":31}},"24":{"start":{"line":34,"column":0},"end":{"line":34,"column":68}},"25":{"start":{"line":35,"column":0},"end":{"line":35,"column":49}},"26":{"start":{"line":37,"column":0},"end":{"line":37,"column":25}},"27":{"start":{"line":38,"column":0},"end":{"line":38,"column":69}},"28":{"start":{"line":40,"column":0},"end":{"line":40,"column":24}}},"fnMap":{},"branchMap":{},"s":{"0":1,"1":1,"2":1,"3":1,"4":1,"5":1,"6":1,"7":1,"8":1,"9":1,"10":1,"11":1,"12":1,"13":1,"14":1,"15":1,"16":1,"17":1,"18":1,"19":1,"20":1,"21":1,"22":1,"23":1,"24":1,"25":1,"26":1,"27":1,"28":1},"f":{},"b":{},"_coverageSchema":"1a1c01bbd47fc00a2c39e90264f33305004495a9","hash":"56bb26eb9c0fd8a913e4d403c782f7e6718f0af0"}
}
